Unity Editor version:    2021.2.7f1 (6bd9e232123f)
Branch:                  2021.2/staging
Build type:              Release
Batch mode:              YES
macOS version:           Version 12.1 (Build 21C52)
Darwin version:          21.2.0
Architecture:            arm64
Running under Rosetta:   NO
Available memory:        16384 MB
Using pre-set license
Pro License: NO

COMMAND LINE ARGUMENTS:
/Applications/Unity/Hub/Editor/2021.2.7f1/Unity.app/Contents/MacOS/Unity
-adb2
-batchMode
-noUpm
-name
AssetImportWorker2
-projectPath
/Users/dunny/Documents/Unity projects/music-player/unity-music-player/music-player-dmd
-logFile
Logs/AssetImportWorker2.log
-srvPort
51494
Successfully changed project path to: /Users/dunny/Documents/Unity projects/music-player/unity-music-player/music-player-dmd
/Users/dunny/Documents/Unity projects/music-player/unity-music-player/music-player-dmd
[UnityMemory] Configuration Parameters - Can be set up in boot.config
    "memorysetup-bucket-allocator-granularity=16"
    "memorysetup-bucket-allocator-bucket-count=8"
    "memorysetup-bucket-allocator-block-size=33554432"
    "memorysetup-bucket-allocator-block-count=8"
    "memorysetup-main-allocator-block-size=16777216"
    "memorysetup-thread-allocator-block-size=16777216"
    "memorysetup-gfx-main-allocator-block-size=16777216"
    "memorysetup-gfx-thread-allocator-block-size=16777216"
    "memorysetup-cache-allocator-block-size=4194304"
    "memorysetup-typetree-allocator-block-size=2097152"
    "memorysetup-profiler-bucket-allocator-granularity=16"
    "memorysetup-profiler-bucket-allocator-bucket-count=8"
    "memorysetup-profiler-bucket-allocator-block-size=33554432"
    "memorysetup-profiler-bucket-allocator-block-count=8"
    "memorysetup-profiler-allocator-block-size=16777216"
    "memorysetup-profiler-editor-allocator-block-size=1048576"
    "memorysetup-temp-allocator-size-main=16777216"
    "memorysetup-job-temp-allocator-block-size=2097152"
    "memorysetup-job-temp-allocator-block-size-background=1048576"
    "memorysetup-job-temp-allocator-reduction-small-platforms=262144"
    "memorysetup-temp-allocator-size-background-worker=32768"
    "memorysetup-temp-allocator-size-job-worker=262144"
    "memorysetup-temp-allocator-size-preload-manager=33554432"
    "memorysetup-temp-allocator-size-nav-mesh-worker=65536"
    "memorysetup-temp-allocator-size-audio-worker=65536"
    "memorysetup-temp-allocator-size-cloud-worker=32768"
    "memorysetup-temp-allocator-size-gi-baking-worker=262144"
    "memorysetup-temp-allocator-size-gfx=262144"
Refreshing native plugins compatible for Editor in 21.05 ms, found 2 plugins.
Preloading 0 native plugins for Editor in 0.00 ms.
Initialize engine version: 2021.2.7f1 (6bd9e232123f)
[Subsystems] Discovering subsystems at path /Applications/Unity/Hub/Editor/2021.2.7f1/Unity.app/Contents/Resources/UnitySubsystems
[Subsystems] Discovering subsystems at path /Users/dunny/Documents/Unity projects/music-player/unity-music-player/music-player-dmd/Assets
GfxDevice: creating device client; threaded=0; jobified=0
 preferred device: Apple M1 (high power)
Metal devices available: 1
0: Apple M1 (high power)
Using device Apple M1 (high power)
Initializing Metal device caps: Apple M1
Initialize mono
Mono path[0] = '/Applications/Unity/Hub/Editor/2021.2.7f1/Unity.app/Contents/Managed'
Mono path[1] = '/Applications/Unity/Hub/Editor/2021.2.7f1/Unity.app/Contents/MonoBleedingEdge/lib/mono/unityjit-macos'
Mono config path = '/Applications/Unity/Hub/Editor/2021.2.7f1/Unity.app/Contents/MonoBleedingEdge/etc'
Using monoOptions --debugger-agent=transport=dt_socket,embedding=1,server=y,suspend=n,address=127.0.0.1:56232
Begin MonoManager ReloadAssembly
Registering precompiled unity dll's ...
Register platform support module: /Applications/Unity/Hub/Editor/2021.2.7f1/Unity.app/Contents/PlaybackEngines/MacStandaloneSupport/UnityEditor.OSXStandalone.Extensions.dll
Register platform support module: /Applications/Unity/Hub/Editor/2021.2.7f1/PlaybackEngines/WindowsStandaloneSupport/UnityEditor.WindowsStandalone.Extensions.dll
Register platform support module: /Applications/Unity/Hub/Editor/2021.2.7f1/PlaybackEngines/LinuxStandaloneSupport/UnityEditor.LinuxStandalone.Extensions.dll
Registered in 0.002000 seconds.
Native extension for LinuxStandalone target not found
Native extension for WindowsStandalone target not found
Native extension for OSXStandalone target not found
Refreshing native plugins compatible for Editor in 19.95 ms, found 2 plugins.
Preloading 0 native plugins for Editor in 0.00 ms.
Mono: successfully reloaded assembly
- Completed reload, in  0.349 seconds
Domain Reload Profiling:
	ReloadAssembly (349ms)
		BeginReloadAssembly (56ms)
			ExecutionOrderSort (0ms)
			DisableScriptedObjects (0ms)
			BackupInstance (0ms)
			ReleaseScriptingObjects (0ms)
			CreateAndSetChildDomain (0ms)
		EndReloadAssembly (245ms)
			LoadAssemblies (57ms)
			RebuildTransferFunctionScriptingTraits (0ms)
			SetupTypeCache (66ms)
			ReleaseScriptCaches (0ms)
			RebuildScriptCaches (18ms)
			SetupLoadedEditorAssemblies (133ms)
				LogAssemblyErrors (0ms)
				InitializePlatformSupportModulesInManaged (8ms)
				SetLoadedEditorAssemblies (0ms)
				RefreshPlugins (20ms)
				BeforeProcessingInitializeOnLoad (1ms)
				ProcessInitializeOnLoadAttributes (82ms)
				ProcessInitializeOnLoadMethodAttributes (23ms)
				AfterProcessingInitializeOnLoad (0ms)
				EditorAssembliesLoaded (0ms)
			ExecutionOrderSort2 (0ms)
			AwakeInstancesAfterBackupRestoration (0ms)
Platform modules already initialized, skipping
Registering precompiled user dll's ...
Registered in 0.003686 seconds.
Begin MonoManager ReloadAssembly
Native extension for LinuxStandalone target not found
Native extension for WindowsStandalone target not found
Native extension for OSXStandalone target not found
Refreshing native plugins compatible for Editor in 0.20 ms, found 2 plugins.
Preloading 0 native plugins for Editor in 0.00 ms.
Mono: successfully reloaded assembly
- Completed reload, in  0.474 seconds
Domain Reload Profiling:
	ReloadAssembly (475ms)
		BeginReloadAssembly (52ms)
			ExecutionOrderSort (0ms)
			DisableScriptedObjects (3ms)
			BackupInstance (0ms)
			ReleaseScriptingObjects (0ms)
			CreateAndSetChildDomain (11ms)
		EndReloadAssembly (365ms)
			LoadAssemblies (35ms)
			RebuildTransferFunctionScriptingTraits (0ms)
			SetupTypeCache (108ms)
			ReleaseScriptCaches (0ms)
			RebuildScriptCaches (27ms)
			SetupLoadedEditorAssemblies (171ms)
				LogAssemblyErrors (0ms)
				InitializePlatformSupportModulesInManaged (6ms)
				SetLoadedEditorAssemblies (0ms)
				RefreshPlugins (0ms)
				BeforeProcessingInitializeOnLoad (26ms)
				ProcessInitializeOnLoadAttributes (123ms)
				ProcessInitializeOnLoadMethodAttributes (15ms)
				AfterProcessingInitializeOnLoad (1ms)
				EditorAssembliesLoaded (0ms)
			ExecutionOrderSort2 (0ms)
			AwakeInstancesAfterBackupRestoration (2ms)
Platform modules already initialized, skipping
========================================================================
Worker process is ready to serve import requests
Launching external process: /Applications/Unity/Hub/Editor/2021.2.7f1/Unity.app/Contents/Tools/UnityShaderCompiler
Launched and connected shader compiler UnityShaderCompiler after 0.06 seconds
Refreshing native plugins compatible for Editor in 0.20 ms, found 2 plugins.
Preloading 0 native plugins for Editor in 0.00 ms.
Unloading 1534 Unused Serialized files (Serialized files now loaded: 0)
Unloading 19 unused Assets / (36.1 KB). Loaded Objects now: 1998.
Memory consumption went from 159.5 MB to 159.5 MB.
Total: 2.053292 ms (FindLiveObjects: 0.062250 ms CreateObjectMapping: 0.019583 ms MarkObjects: 1.928833 ms  DeleteObjects: 0.042042 ms)

AssetImportParameters requested are different than current active one (requested -> active):
  custom:video-decoder-ogg-theora: a1e56fd34408186e4bbccfd4996cb3dc -> 
  custom:container-muxer-webm: aa71ff27fc2769a1b78a27578f13a17b -> 
  custom:container-demuxer-webm: 4f35f7cbe854078d1ac9338744f61a02 -> 
  custom:video-encoder-webm-vp8: eb34c28f22e8b96e1ab97ce403110664 -> 
  custom:framework-osx-AVFoundation: e770b220cccbd017edd2c1fefb359320 -> 
  custom:audio-encoder-webm-vorbis: bf7c407c2cedff20999df2af8eb42d56 -> 
  custom:container-demuxer-ogg: 62fdf1f143b41e24485cea50d1cbac27 -> 
  custom:video-decoder-webm-vp8: 9c59270c3fd7afecdb556c50c9e8de78 -> 
  custom:audio-decoder-ogg-vorbis: bf7c407c2cedff20999df2af8eb42d56 -> 
========================================================================
Received Import Request.
  Time since last request: 31708.719204 seconds.
  path: Assets/Models/disc n64 alex g/None-roughness.png
  artifactKey: Guid(bad93483ec81f4149b380254eabe1cdc) Importer(815301076,1909f56bfc062723c751e8b465ee728b)
Start importing Assets/Models/disc n64 alex g/None-roughness.png using Guid(bad93483ec81f4149b380254eabe1cdc) Importer(815301076,1909f56bfc062723c751e8b465ee728b)  -> (artifact id: 'a3f6e019edaf2d0ade6d1124eb321a5f') in 0.077141 seconds 
========================================================================
Received Import Request.
  Time since last request: 0.000051 seconds.
  path: Assets/Models/disc n64 alex g/None-color.png
  artifactKey: Guid(3aaae92e190914bc6a355d78e75260fe) Importer(815301076,1909f56bfc062723c751e8b465ee728b)
Start importing Assets/Models/disc n64 alex g/None-color.png using Guid(3aaae92e190914bc6a355d78e75260fe) Importer(815301076,1909f56bfc062723c751e8b465ee728b)  -> (artifact id: '00a43f013a48a7f6a9e6b445157f47fc') in 0.005709 seconds 
========================================================================
Received Import Request.
  Time since last request: 0.000049 seconds.
  path: Assets/Models/disc n64 alex g/None-metallic.png
  artifactKey: Guid(7496602615d5d483cbc7be03f1c2efab) Importer(815301076,1909f56bfc062723c751e8b465ee728b)
Start importing Assets/Models/disc n64 alex g/None-metallic.png using Guid(7496602615d5d483cbc7be03f1c2efab) Importer(815301076,1909f56bfc062723c751e8b465ee728b)  -> (artifact id: '5b9b9e9b328343fdc4b034ad7e6ec9dc') in 0.005569 seconds 
========================================================================
Received Import Request.
  Time since last request: 0.000047 seconds.
  path: Assets/Models/disc n64 alex g
  artifactKey: Guid(fe1e2ac709a7b4f85b8f3e8d9fba6032) Importer(815301076,1909f56bfc062723c751e8b465ee728b)
Start importing Assets/Models/disc n64 alex g using Guid(fe1e2ac709a7b4f85b8f3e8d9fba6032) Importer(815301076,1909f56bfc062723c751e8b465ee728b)  -> (artifact id: '40409b1fbd02a6797c0fbe899076a163') in 0.000536 seconds 
========================================================================
Received Import Request.
  Time since last request: 15.040600 seconds.
  path: Assets/Models/turntable/Material-color.png
  artifactKey: Guid(f282114b14e4e4c3faf3320d2fd58bee) Importer(815301076,1909f56bfc062723c751e8b465ee728b)
Start importing Assets/Models/turntable/Material-color.png using Guid(f282114b14e4e4c3faf3320d2fd58bee) Importer(815301076,1909f56bfc062723c751e8b465ee728b)  -> (artifact id: '0ee9c7f371c8980dbc03cd70d6456828') in 0.013252 seconds 
========================================================================
Received Import Request.
  Time since last request: 0.000052 seconds.
  path: Assets/Models/turntable/Material.002-metallic.png
  artifactKey: Guid(34077d72d132a4c9bb2c7165f0f469c4) Importer(815301076,1909f56bfc062723c751e8b465ee728b)
Start importing Assets/Models/turntable/Material.002-metallic.png using Guid(34077d72d132a4c9bb2c7165f0f469c4) Importer(815301076,1909f56bfc062723c751e8b465ee728b)  -> (artifact id: '95cb8e0223f6fd11148604e47bfb0222') in 0.008531 seconds 
========================================================================
Received Import Request.
  Time since last request: 0.000048 seconds.
  path: Assets/Models/turntable/Material.001-color.png
  artifactKey: Guid(522b547b430d64ed8b68f6aea201bbde) Importer(815301076,1909f56bfc062723c751e8b465ee728b)
Start importing Assets/Models/turntable/Material.001-color.png using Guid(522b547b430d64ed8b68f6aea201bbde) Importer(815301076,1909f56bfc062723c751e8b465ee728b)  -> (artifact id: '88abadf15f1d754968d8f37d79c5d988') in 0.007975 seconds 
========================================================================
Received Import Request.
  Time since last request: 0.000057 seconds.
  path: Assets/Models/turntable/Material.003-roughness.png
  artifactKey: Guid(bb726a3aff5ee460492a37b1aefcbbcf) Importer(815301076,1909f56bfc062723c751e8b465ee728b)
Start importing Assets/Models/turntable/Material.003-roughness.png using Guid(bb726a3aff5ee460492a37b1aefcbbcf) Importer(815301076,1909f56bfc062723c751e8b465ee728b)  -> (artifact id: '7b62b5746c2dd2f31baccfa9ff8c846a') in 0.007152 seconds 
========================================================================
Received Import Request.
  Time since last request: 0.000041 seconds.
  path: Assets/Models/turntable/None-roughness.png
  artifactKey: Guid(02ab3c6af7ec8473e92484bd0a1685e1) Importer(815301076,1909f56bfc062723c751e8b465ee728b)
Start importing Assets/Models/turntable/None-roughness.png using Guid(02ab3c6af7ec8473e92484bd0a1685e1) Importer(815301076,1909f56bfc062723c751e8b465ee728b)  -> (artifact id: 'f9e85dcf5227de1ea61b4c137b4856d1') in 0.006330 seconds 
========================================================================
Received Import Request.
  Time since last request: 0.000054 seconds.
  path: Assets/Models/turntable/Material.001-metallic.png
  artifactKey: Guid(8c942d6317c96437eb5ad7605a84484c) Importer(815301076,1909f56bfc062723c751e8b465ee728b)
Start importing Assets/Models/turntable/Material.001-metallic.png using Guid(8c942d6317c96437eb5ad7605a84484c) Importer(815301076,1909f56bfc062723c751e8b465ee728b)  -> (artifact id: '7866d1d59b5c194ea8d19da6a2130882') in 0.006783 seconds 
========================================================================
Received Import Request.
  Time since last request: 0.000059 seconds.
  path: Assets/Models/turntable/Material.002-color.png
  artifactKey: Guid(24397ddb1b8c947108067e245b86cf95) Importer(815301076,1909f56bfc062723c751e8b465ee728b)
Start importing Assets/Models/turntable/Material.002-color.png using Guid(24397ddb1b8c947108067e245b86cf95) Importer(815301076,1909f56bfc062723c751e8b465ee728b)  -> (artifact id: '325d5fdda56649f24ee9e98d199bfcb5') in 0.005493 seconds 
========================================================================
Received Import Request.
  Time since last request: 0.000035 seconds.
  path: Assets/Models/turntable/Material-roughness.png
  artifactKey: Guid(3961d5f2b4199482188d5dd57044b5a4) Importer(815301076,1909f56bfc062723c751e8b465ee728b)
Start importing Assets/Models/turntable/Material-roughness.png using Guid(3961d5f2b4199482188d5dd57044b5a4) Importer(815301076,1909f56bfc062723c751e8b465ee728b)  -> (artifact id: '0647bc747dbada9f9bc8a61c4e037cd9') in 0.005933 seconds 
========================================================================
Received Import Request.
  Time since last request: 0.000034 seconds.
  path: Assets/Models/turntable/Material.003-metallic.png
  artifactKey: Guid(8685c151a80644a50aebfb4faa626f15) Importer(815301076,1909f56bfc062723c751e8b465ee728b)
Start importing Assets/Models/turntable/Material.003-metallic.png using Guid(8685c151a80644a50aebfb4faa626f15) Importer(815301076,1909f56bfc062723c751e8b465ee728b)  -> (artifact id: '3afb53ab089458fd72ac1c79510483c4') in 0.005408 seconds 
========================================================================
Received Import Request.
  Time since last request: 0.000047 seconds.
  path: Assets/Models/turntable/Material.003-color.png
  artifactKey: Guid(72fe7905fa4664ad2928e2452de4ccab) Importer(815301076,1909f56bfc062723c751e8b465ee728b)
Start importing Assets/Models/turntable/Material.003-color.png using Guid(72fe7905fa4664ad2928e2452de4ccab) Importer(815301076,1909f56bfc062723c751e8b465ee728b)  -> (artifact id: '1b9cc79b059e3cb6e3374fc9d27d575f') in 0.005510 seconds 
========================================================================
Received Import Request.
  Time since last request: 0.000051 seconds.
  path: Assets/Models/turntable/None-metallic.png
  artifactKey: Guid(b28e71b618a7448c09d48440bcac9b46) Importer(815301076,1909f56bfc062723c751e8b465ee728b)
Start importing Assets/Models/turntable/None-metallic.png using Guid(b28e71b618a7448c09d48440bcac9b46) Importer(815301076,1909f56bfc062723c751e8b465ee728b)  -> (artifact id: '1eeb8b96b3338e27ca02ff5c1ebeca2a') in 0.004286 seconds 
========================================================================
Received Import Request.
  Time since last request: 0.000075 seconds.
  path: Assets/Models/turntable/None-color.png
  artifactKey: Guid(4415a7b027bf7480ca6f05e2123b6270) Importer(815301076,1909f56bfc062723c751e8b465ee728b)
Start importing Assets/Models/turntable/None-color.png using Guid(4415a7b027bf7480ca6f05e2123b6270) Importer(815301076,1909f56bfc062723c751e8b465ee728b)  -> (artifact id: '6168fc8777612800df1c20aef0b6a5c5') in 0.003944 seconds 
========================================================================
Received Prepare
Registering precompiled user dll's ...
Registered in 0.000921 seconds.
Begin MonoManager ReloadAssembly
Thread 0x16ee8f000 may have been prematurely finalized
Native extension for LinuxStandalone target not found
Native extension for WindowsStandalone target not found
Native extension for OSXStandalone target not found
Refreshing native plugins compatible for Editor in 0.21 ms, found 2 plugins.
Preloading 0 native plugins for Editor in 0.00 ms.
Mono: successfully reloaded assembly
- Completed reload, in  0.488 seconds
Domain Reload Profiling:
	ReloadAssembly (489ms)
		BeginReloadAssembly (65ms)
			ExecutionOrderSort (0ms)
			DisableScriptedObjects (4ms)
			BackupInstance (0ms)
			ReleaseScriptingObjects (0ms)
			CreateAndSetChildDomain (19ms)
		EndReloadAssembly (367ms)
			LoadAssemblies (27ms)
			RebuildTransferFunctionScriptingTraits (0ms)
			SetupTypeCache (109ms)
			ReleaseScriptCaches (1ms)
			RebuildScriptCaches (24ms)
			SetupLoadedEditorAssemblies (157ms)
				LogAssemblyErrors (0ms)
				InitializePlatformSupportModulesInManaged (6ms)
				SetLoadedEditorAssemblies (0ms)
				RefreshPlugins (0ms)
				BeforeProcessingInitializeOnLoad (22ms)
				ProcessInitializeOnLoadAttributes (116ms)
				ProcessInitializeOnLoadMethodAttributes (11ms)
				AfterProcessingInitializeOnLoad (1ms)
				EditorAssembliesLoaded (0ms)
			ExecutionOrderSort2 (0ms)
			AwakeInstancesAfterBackupRestoration (6ms)
Platform modules already initialized, skipping
Refreshing native plugins compatible for Editor in 0.20 ms, found 2 plugins.
Preloading 0 native plugins for Editor in 0.00 ms.
Unloading 1530 Unused Serialized files (Serialized files now loaded: 0)
Unloading 14 unused Assets / (21.9 KB). Loaded Objects now: 2227.
Memory consumption went from 209.5 MB to 209.5 MB.
Total: 1.935667 ms (FindLiveObjects: 0.067042 ms CreateObjectMapping: 0.020583 ms MarkObjects: 1.837291 ms  DeleteObjects: 0.010041 ms)

AssetImportParameters requested are different than current active one (requested -> active):
  custom:video-decoder-ogg-theora: a1e56fd34408186e4bbccfd4996cb3dc -> 
  custom:container-muxer-webm: aa71ff27fc2769a1b78a27578f13a17b -> 
  custom:container-demuxer-webm: 4f35f7cbe854078d1ac9338744f61a02 -> 
  custom:video-encoder-webm-vp8: eb34c28f22e8b96e1ab97ce403110664 -> 
  custom:framework-osx-AVFoundation: e770b220cccbd017edd2c1fefb359320 -> 
  custom:audio-encoder-webm-vorbis: bf7c407c2cedff20999df2af8eb42d56 -> 
  custom:container-demuxer-ogg: 62fdf1f143b41e24485cea50d1cbac27 -> 
  custom:video-decoder-webm-vp8: 9c59270c3fd7afecdb556c50c9e8de78 -> 
  custom:audio-decoder-ogg-vorbis: bf7c407c2cedff20999df2af8eb42d56 -> 
========================================================================
Received Prepare
Registering precompiled user dll's ...
Registered in 0.000967 seconds.
Begin MonoManager ReloadAssembly
Thread 0x16b85f000 may have been prematurely finalized
Native extension for LinuxStandalone target not found
Native extension for WindowsStandalone target not found
Native extension for OSXStandalone target not found
Refreshing native plugins compatible for Editor in 0.18 ms, found 2 plugins.
Preloading 0 native plugins for Editor in 0.00 ms.
Mono: successfully reloaded assembly
- Completed reload, in  0.470 seconds
Domain Reload Profiling:
	ReloadAssembly (470ms)
		BeginReloadAssembly (64ms)
			ExecutionOrderSort (0ms)
			DisableScriptedObjects (4ms)
			BackupInstance (0ms)
			ReleaseScriptingObjects (0ms)
			CreateAndSetChildDomain (18ms)
		EndReloadAssembly (350ms)
			LoadAssemblies (27ms)
			RebuildTransferFunctionScriptingTraits (0ms)
			SetupTypeCache (108ms)
			ReleaseScriptCaches (1ms)
			RebuildScriptCaches (25ms)
			SetupLoadedEditorAssemblies (159ms)
				LogAssemblyErrors (0ms)
				InitializePlatformSupportModulesInManaged (6ms)
				SetLoadedEditorAssemblies (0ms)
				RefreshPlugins (0ms)
				BeforeProcessingInitializeOnLoad (23ms)
				ProcessInitializeOnLoadAttributes (116ms)
				ProcessInitializeOnLoadMethodAttributes (12ms)
				AfterProcessingInitializeOnLoad (1ms)
				EditorAssembliesLoaded (0ms)
			ExecutionOrderSort2 (0ms)
			AwakeInstancesAfterBackupRestoration (6ms)
Platform modules already initialized, skipping
Refreshing native plugins compatible for Editor in 0.19 ms, found 2 plugins.
Preloading 0 native plugins for Editor in 0.00 ms.
Unloading 1515 Unused Serialized files (Serialized files now loaded: 0)
Unloading 14 unused Assets / (21.9 KB). Loaded Objects now: 2229.
Memory consumption went from 209.2 MB to 209.2 MB.
Total: 2.041292 ms (FindLiveObjects: 0.078458 ms CreateObjectMapping: 0.021083 ms MarkObjects: 1.932958 ms  DeleteObjects: 0.007959 ms)

AssetImportParameters requested are different than current active one (requested -> active):
  custom:video-decoder-ogg-theora: a1e56fd34408186e4bbccfd4996cb3dc -> 
  custom:container-muxer-webm: aa71ff27fc2769a1b78a27578f13a17b -> 
  custom:container-demuxer-webm: 4f35f7cbe854078d1ac9338744f61a02 -> 
  custom:video-encoder-webm-vp8: eb34c28f22e8b96e1ab97ce403110664 -> 
  custom:framework-osx-AVFoundation: e770b220cccbd017edd2c1fefb359320 -> 
  custom:audio-encoder-webm-vorbis: bf7c407c2cedff20999df2af8eb42d56 -> 
  custom:container-demuxer-ogg: 62fdf1f143b41e24485cea50d1cbac27 -> 
  custom:video-decoder-webm-vp8: 9c59270c3fd7afecdb556c50c9e8de78 -> 
  custom:audio-decoder-ogg-vorbis: bf7c407c2cedff20999df2af8eb42d56 -> 
